This file contains any messages produced by compilers while
running configure, to aid debugging if configure makes a mistake.

It was created by gputools configure 0.01, which was
generated by GNU Autoconf 2.63.  Invocation command line was

  $ ./configure 

## --------- ##
## Platform. ##
## --------- ##

hostname = babar12.musigma.com
uname -m = x86_64
uname -r = 2.6.32-279.1.1.el6.x86_64
uname -s = Linux
uname -v = #1 SMP Tue Jul 10 13:47:21 UTC 2012

/usr/bin/uname -p = unknown
/bin/uname -X     = unknown

/bin/arch              = x86_64
/usr/bin/arch -k       = unknown
/usr/convex/getsysinfo = unknown
/usr/bin/hostinfo      = unknown
/bin/machine           = unknown
/usr/bin/oslevel       = unknown
/bin/universe          = unknown

PATH: /usr/local/cuda-5.0/bin
PATH: /usr/lib64/qt-3.3/bin
PATH: /usr/local/bin
PATH: /bin
PATH: /usr/bin
PATH: /opt/dell/srvadmin/bin
PATH: /usr/local/cuda/bin
PATH: /usr/local/sbin
PATH: /usr/sbin
PATH: /sbin
PATH: /usr/java/latest/bin
PATH: /usr/local/mesos-spark/scala/bin
PATH: /usr/local/cuda/bin
PATH: /home/avinash/bin
PATH: /usr/local/cuda/bin
PATH: /opt/dell/srvadmin/sbin


## ----------- ##
## Core tests. ##
## ----------- ##

configure:1787: checking for critical tools used by configure
configure:1825: checking "environment variable COMPILER_BINDIR"
configure:1828: result: "COMPILER_BINDIR not set; using user's default path"
configure:1871: checking "environment variable CUDA_HOME"
configure:1874: result: "CUDA_HOME not set; using default /usr/local/cuda"
configure:1882: checking "environment variable CULA_HOME"
configure:1885: result: "CULA_HOME not set; using default /usr/local/cula"
configure:1894: checking for /usr/local/cuda/bin/nvcc
configure:1911: result: yes
configure:1924: result: "nvcc found"
configure:1928: checking "whether this is the 64 bit linux version of CUDA"
configure:1931: checking for /usr/local/cuda/lib64/libcublas.so
configure:1948: result: yes
configure:1961: result: "yes -- using /usr/local/cuda/lib64 for CUDA libs"
configure:1983: result: "using -I/usr/local/lib64/R/include for R header files"
configure:1985: result: "using -L/usr/local/lib64/R/lib -lR for R shared libraries"
configure:1989: checking "whether this is the 64 bit version of CULA"
configure:1992: checking for /usr/local/cula/lib64/libcula.so
configure:2009: result: no
configure:2018: checking for /usr/local/cula/lib64/libcula.dylib
configure:2035: result: no
configure:2044: result: "no"
configure:2046: checking "checking whether cula is present at all"
configure:2049: checking for /usr/local/cula/lib/libcula.so
configure:2066: result: no
configure:2075: checking for /usr/local/cula/lib/libcula.dylib
configure:2092: result: no
configure:2101: result: "cula is not installed; gpuFastICA is disabled"
configure:2127: determining host platform
configure:2140: checking build system type
configure:2158: result: x86_64-unknown-linux-gnu
configure:2180: checking host system type
configure:2195: result: x86_64-unknown-linux-gnu
configure:2444: creating ./config.status

## ---------------------- ##
## Running config.status. ##
## ---------------------- ##

This file was extended by gputools config.status 0.01, which was
generated by GNU Autoconf 2.63.  Invocation command line was

  CONFIG_FILES    = 
  CONFIG_HEADERS  = 
  CONFIG_LINKS    = 
  CONFIG_COMMANDS = 
  $ ./config.status 

on babar12.musigma.com

config.status:657: creating src/Makefile
config.status:657: creating R/gpuSvm.R
config.status:657: creating R/gpuFastICA.R
config.status:657: creating R/gpuSvd.R

## ---------------- ##
## Cache variables. ##
## ---------------- ##

ac_cv_build=x86_64-unknown-linux-gnu
ac_cv_env_build_alias_set=
ac_cv_env_build_alias_value=
ac_cv_env_host_alias_set=
ac_cv_env_host_alias_value=
ac_cv_env_target_alias_set=
ac_cv_env_target_alias_value=
ac_cv_file__usr_local_cuda_bin_nvcc=yes
ac_cv_file__usr_local_cuda_lib64_libcublas_so=yes
ac_cv_file__usr_local_cula_lib64_libcula_dylib=no
ac_cv_file__usr_local_cula_lib64_libcula_so=no
ac_cv_file__usr_local_cula_lib_libcula_dylib=no
ac_cv_file__usr_local_cula_lib_libcula_so=no
ac_cv_host=x86_64-unknown-linux-gnu

## ----------------- ##
## Output variables. ##
## ----------------- ##

CPICFLAGS='-fpic'
CUDA_HOME='/usr/local/cuda'
CULA_HOME='/usr/local/cula'
CULA_OBJS=''
DEFS='-DPACKAGE_NAME=\"gputools\" -DPACKAGE_TARNAME=\"gputools\" -DPACKAGE_VERSION=\"0.01\" -DPACKAGE_STRING=\"gputools\ 0.01\" -DPACKAGE_BUGREPORT=\"\"'
DEVICEOPTS=''
ECHO_C=''
ECHO_N='-n'
ECHO_T=''
HAS_CULA='no'
LIBOBJS=''
LIBS='-L/usr/local/cuda/lib64 -lcublas'
LTLIBOBJS=''
MISC_PARAMS=''
OBJS13='kendall.o classification.o'
PACKAGE_BUGREPORT=''
PACKAGE_NAME='gputools'
PACKAGE_STRING='gputools 0.01'
PACKAGE_TARNAME='gputools'
PACKAGE_VERSION='0.01'
PATH_SEPARATOR=':'
RPATHFLAG=''
R_INCLUDE='-I/usr/local/lib64/R/include'
R_LIB='-L/usr/local/lib64/R/lib -lR'
SHELL='/bin/sh'
SVMDISABLED='FALSE'
SW_VERS=''
bindir='${exec_prefix}/bin'
build='x86_64-unknown-linux-gnu'
build_alias=''
build_cpu='x86_64'
build_os='linux-gnu'
build_vendor='unknown'
datadir='${datarootdir}'
datarootdir='${prefix}/share'
docdir='${datarootdir}/doc/${PACKAGE_TARNAME}'
dvidir='${docdir}'
exec_prefix='${prefix}'
host='x86_64-unknown-linux-gnu'
host_alias=''
host_cpu='x86_64'
host_os='linux-gnu'
host_vendor='unknown'
htmldir='${docdir}'
includedir='${prefix}/include'
infodir='${datarootdir}/info'
libdir='${exec_prefix}/lib'
libexecdir='${exec_prefix}/libexec'
localedir='${datarootdir}/locale'
localstatedir='${prefix}/var'
mandir='${datarootdir}/man'
oldincludedir='/usr/include'
pdfdir='${docdir}'
prefix='/usr/local'
program_transform_name='s,x,x,'
psdir='${docdir}'
sbindir='${exec_prefix}/sbin'
sharedstatedir='${prefix}/com'
sysconfdir='${prefix}/etc'
target_alias=''

## ----------- ##
## confdefs.h. ##
## ----------- ##

#define PACKAGE_NAME "gputools"
#define PACKAGE_TARNAME "gputools"
#define PACKAGE_VERSION "0.01"
#define PACKAGE_STRING "gputools 0.01"
#define PACKAGE_BUGREPORT ""

configure: exit 0
